System check identified some issues:

WARNINGS:
?: (staticfiles.W004) The directory '/home/ubuntu/tm/BLOODLINK/bload_donor/static' in the STATICFILES_DIRS setting does not exist.

System check identified 1 issue (0 silenced).
[25/Jun/2025 15:42:07] "GET /admin/login/?next=/admin/ HTTP/1.1" 200 4183
[25/Jun/2025 15:42:27] "POST /admin/login/?next=/admin/ HTTP/1.1" 403 1004
Performing system checks...

June 25, 2025 - 15:42:02
Django version 5.2.1, using settings 'bload_donor.settings'
Starting development server at http://0.0.0.0:5002/
Quit the server with CONTROL-C.

WARNING: This is a development server. Do not use it in a production setting. Use a production WSGI or ASGI server instead.
For more information on production servers see: https://docs.djangoproject.com/en/5.2/howto/deployment/
System check identified some issues:

WARNINGS:
?: (staticfiles.W004) The directory '/home/ubuntu/tm/BLOODLINK/bload_donor/static' in the STATICFILES_DIRS setting does not exist.

System check identified 1 issue (0 silenced).
[25/Jun/2025 15:44:44] "POST /admin/login/?next=/admin/ HTTP/1.1" 200 4355
[25/Jun/2025 15:45:10] "POST /admin/login/?next=/admin/ HTTP/1.1" 200 4355
[25/Jun/2025 15:45:36] "POST /admin/login/?next=/admin/ HTTP/1.1" 200 4355
Performing system checks...

June 25, 2025 - 15:44:25
Django version 5.2.1, using settings 'bload_donor.settings'
Starting development server at http://0.0.0.0:5002/
Quit the server with CONTROL-C.

WARNING: This is a development server. Do not use it in a production setting. Use a production WSGI or ASGI server instead.
For more information on production servers see: https://docs.djangoproject.com/en/5.2/howto/deployment/
System check identified some issues:

WARNINGS:
?: (staticfiles.W004) The directory '/home/ubuntu/tm/BLOODLINK/bload_donor/static' in the STATICFILES_DIRS setting does not exist.

System check identified 1 issue (0 silenced).
Performing system checks...

June 25, 2025 - 15:48:42
Django version 5.2.1, using settings 'bload_donor.settings'
Starting development server at http://0.0.0.0:5002/
Quit the server with CONTROL-C.

WARNING: This is a development server. Do not use it in a production setting. Use a production WSGI or ASGI server instead.
For more information on production servers see: https://docs.djangoproject.com/en/5.2/howto/deployment/
System check identified some issues:

WARNINGS:
?: (staticfiles.W004) The directory '/home/ubuntu/tm/BLOODLINK/bload_donor/static' in the STATICFILES_DIRS setting does not exist.

System check identified 1 issue (0 silenced).
Performing system checks...

June 25, 2025 - 15:48:47
Django version 5.2.1, using settings 'bload_donor.settings'
Starting development server at http://0.0.0.0:5002/
Quit the server with CONTROL-C.

WARNING: This is a development server. Do not use it in a production setting. Use a production WSGI or ASGI server instead.
For more information on production servers see: https://docs.djangoproject.com/en/5.2/howto/deployment/
System check identified some issues:

WARNINGS:
?: (staticfiles.W004) The directory '/home/ubuntu/tm/BLOODLINK/bload_donor/static' in the STATICFILES_DIRS setting does not exist.

System check identified 1 issue (0 silenced).
[25/Jun/2025 15:49:17] "GET / HTTP/1.1" 200 20510
[25/Jun/2025 15:49:19] "GET /api/placeholder/1600/600 HTTP/1.1" 404 179
[25/Jun/2025 15:49:19] "GET /api/placeholder/1600/800 HTTP/1.1" 404 179
[25/Jun/2025 15:49:20] "GET /favicon.ico HTTP/1.1" 404 179
[25/Jun/2025 15:49:23] "GET / HTTP/1.1" 200 20510
[25/Jun/2025 15:49:24] "GET /api/placeholder/1600/800 HTTP/1.1" 404 179
[25/Jun/2025 15:49:24] "GET /api/placeholder/1600/600 HTTP/1.1" 404 179
[25/Jun/2025 15:49:24] "GET /role/ HTTP/1.1" 200 4930
[25/Jun/2025 15:49:25] "GET /favicon.ico HTTP/1.1" 404 179
[25/Jun/2025 15:49:27] "GET /donor_login/ HTTP/1.1" 200 7825
[25/Jun/2025 15:49:32] "GET /role/ HTTP/1.1" 200 4930
[25/Jun/2025 15:49:34] "GET /register_donor/ HTTP/1.1" 200 13913
[25/Jun/2025 15:49:36] "GET /donor_login/ HTTP/1.1" 200 7825
[25/Jun/2025 15:49:37] "GET /favicon.ico HTTP/1.1" 404 179
[25/Jun/2025 15:49:39] "GET /favicon.ico HTTP/1.1" 404 179
[25/Jun/2025 15:49:42] "GET /register_donor/ HTTP/1.1" 200 13913
[25/Jun/2025 15:49:43] "GET /favicon.ico HTTP/1.1" 404 179
[25/Jun/2025 15:49:59] "GET /favicon.ico HTTP/1.1" 404 179
[25/Jun/2025 15:50:15] "POST /register_donor/ HTTP/1.1" 500 145
[25/Jun/2025 15:55:20] "GET / HTTP/1.1" 200 20510
[25/Jun/2025 15:55:21] "GET /api/placeholder/1600/600 HTTP/1.1" 404 179
[25/Jun/2025 15:55:21] "GET /api/placeholder/1600/800 HTTP/1.1" 404 179
[25/Jun/2025 15:55:21] "GET /favicon.ico HTTP/1.1" 404 179
[25/Jun/2025 15:59:26] "GET /register_donor/ HTTP/1.1" 200 13913
[25/Jun/2025 16:07:18] "GET /register_donor/ HTTP/1.1" 200 13913
[25/Jun/2025 16:07:19] "GET /favicon.ico HTTP/1.1" 404 179
[25/Jun/2025 16:07:20] "GET /favicon.ico HTTP/1.1" 404 179
[25/Jun/2025 16:07:21] "GET /favicon.ico HTTP/1.1" 404 179
[25/Jun/2025 16:30:36] "GET / HTTP/1.1" 200 20510
[25/Jun/2025 16:30:37] "GET /api/placeholder/1600/800 HTTP/1.1" 404 179
[25/Jun/2025 16:30:37] "GET /api/placeholder/1600/600 HTTP/1.1" 404 179
[25/Jun/2025 16:30:40] "GET /role/ HTTP/1.1" 200 4930
[25/Jun/2025 16:30:53] "GET /collector HTTP/1.1" 301 0
[25/Jun/2025 16:30:53] "GET /collector/ HTTP/1.1" 302 0
[25/Jun/2025 16:30:54] "GET /collector_login/ HTTP/1.1" 200 6579
[25/Jun/2025 16:31:05] "GET /register_collector/ HTTP/1.1" 200 26456
[25/Jun/2025 16:31:42] "GET /register_collector/ HTTP/1.1" 200 26456
[25/Jun/2025 16:33:40] "POST /register_collector/ HTTP/1.1" 302 0
[25/Jun/2025 16:33:40] "GET /collector_login/ HTTP/1.1" 200 6579
[25/Jun/2025 16:34:06] "GET /admin HTTP/1.1" 301 0
[25/Jun/2025 16:34:06] "GET /admin/ HTTP/1.1" 302 0
[25/Jun/2025 16:34:06] "GET /admin/login/?next=/admin/ HTTP/1.1" 200 4183
[25/Jun/2025 16:34:11] "POST /admin/login/?next=/admin/ HTTP/1.1" 200 4355
[25/Jun/2025 16:34:15] "POST /admin/login/?next=/admin/ HTTP/1.1" 200 4355
[25/Jun/2025 16:34:32] "POST /admin/login/?next=/admin/ HTTP/1.1" 302 0
[25/Jun/2025 16:34:33] "GET /admin/ HTTP/1.1" 200 12111
[25/Jun/2025 16:34:41] "GET /admin/bload_donor_app/collector/ HTTP/1.1" 200 15577
[25/Jun/2025 16:34:42] "GET /admin/jsi18n/ HTTP/1.1" 200 3342
[25/Jun/2025 16:34:47] "GET /admin/bload_donor_app/collector/4/change/ HTTP/1.1" 200 24663
[25/Jun/2025 16:34:47] "GET /admin/jsi18n/ HTTP/1.1" 200 3342
[25/Jun/2025 16:34:59] "POST /admin/bload_donor_app/collector/4/change/ HTTP/1.1" 302 0
[25/Jun/2025 16:34:59] "GET /admin/bload_donor_app/collector/ HTTP/1.1" 200 15790
[25/Jun/2025 16:35:00] "GET /admin/jsi18n/ HTTP/1.1" 200 3342
[25/Jun/2025 16:35:04] "GET /admin/bload_donor_app/collector/ HTTP/1.1" 302 0
[25/Jun/2025 16:35:04] "GET /admin/login/?next=/admin/bload_donor_app/collector/ HTTP/1.1" 200 4235
[25/Jun/2025 16:35:10] "GET / HTTP/1.1" 200 20510
[25/Jun/2025 16:35:11] "GET /api/placeholder/1600/800 HTTP/1.1" 404 179
[25/Jun/2025 16:35:11] "GET /api/placeholder/1600/600 HTTP/1.1" 404 179
[25/Jun/2025 16:36:27] "GET /admin/ HTTP/1.1" 200 12506
[25/Jun/2025 16:36:49] "GET /admin/bload_donor_app/collector/ HTTP/1.1" 200 15577
[25/Jun/2025 16:36:50] "GET /admin/jsi18n/ HTTP/1.1" 200 3342
[25/Jun/2025 16:37:01] "GET /admin/bload_donor_app/collector/4/change/ HTTP/1.1" 200 24671
[25/Jun/2025 16:37:02] "GET /admin/jsi18n/ HTTP/1.1" 200 3342
[25/Jun/2025 16:37:20] "GET /admin/bload_donor_app/collector/ HTTP/1.1" 200 15577
[25/Jun/2025 16:43:07] "GET /.git/config HTTP/1.1" 404 179
[25/Jun/2025 16:46:23] "GET / HTTP/1.1" 200 20510
[25/Jun/2025 16:46:23] "GET /js/lkk_ch.js HTTP/1.1" 404 179
[25/Jun/2025 16:46:23] "GET /js/twint_ch.js HTTP/1.1" 404 179
[25/Jun/2025 17:16:47] "GET /.git/index HTTP/1.1" 404 179
[25/Jun/2025 17:26:20] "GET / HTTP/1.1" 200 20510
[25/Jun/2025 17:26:21] "GET /api/placeholder/1600/600 HTTP/1.1" 404 179
[25/Jun/2025 17:26:21] "GET /api/placeholder/1600/800 HTTP/1.1" 404 179
[25/Jun/2025 17:26:23] "GET /role/ HTTP/1.1" 200 4930
[25/Jun/2025 17:26:25] "GET /donor_login/ HTTP/1.1" 200 7825
[25/Jun/2025 17:26:34] "GET /register_donor/ HTTP/1.1" 200 13913
[25/Jun/2025 17:30:54] "GET / HTTP/1.1" 200 20510
[25/Jun/2025 17:31:31] "GET /admin/bload_donor_app/collector/ HTTP/1.1" 200 15577
[25/Jun/2025 17:31:31] "GET /admin/jsi18n/ HTTP/1.1" 200 3342
[25/Jun/2025 17:31:51] "GET /admin/bload_donor_app/collector/ HTTP/1.1" 200 15577
[25/Jun/2025 17:32:15] "GET /admin/ HTTP/1.1" 302 0
[25/Jun/2025 17:32:16] "GET /admin/login/?next=/admin/ HTTP/1.1" 200 4183
[25/Jun/2025 17:32:24] "POST /admin/login/?next=/admin/ HTTP/1.1" 302 0
[25/Jun/2025 17:32:24] "GET /admin/ HTTP/1.1" 200 12506
[25/Jun/2025 17:32:33] "GET /admin/bload_donor_app/donor/ HTTP/1.1" 500 145
[25/Jun/2025 17:32:40] "GET /admin/ HTTP/1.1" 200 12506
[25/Jun/2025 17:36:38] "GET /admin/ HTTP/1.1" 200 12506
[25/Jun/2025 17:41:02] "GET / HTTP/1.1" 200 20510
[25/Jun/2025 17:41:03] "GET /api/placeholder/1600/800 HTTP/1.1" 404 179
[25/Jun/2025 17:41:03] "GET /api/placeholder/1600/600 HTTP/1.1" 404 179
[25/Jun/2025 17:47:16] "GET / HTTP/1.1" 200 22746
[25/Jun/2025 17:47:18] "GET /api/placeholder/1600/600 HTTP/1.1" 404 179
[25/Jun/2025 17:47:18] "GET /api/placeholder/1600/800 HTTP/1.1" 404 179
[25/Jun/2025 17:47:19] "GET /favicon.ico HTTP/1.1" 404 179
[25/Jun/2025 17:47:37] "GET /admin/ HTTP/1.1" 302 0
[25/Jun/2025 17:47:37] "GET /admin/login/?next=/admin/ HTTP/1.1" 200 4183
[25/Jun/2025 17:47:41] "POST /admin/login/?next=/admin/ HTTP/1.1" 200 4355
[25/Jun/2025 17:47:58] "GET / HTTP/1.1" 200 22746
[25/Jun/2025 17:47:58] "GET /api/placeholder/1600/600 HTTP/1.1" 404 179
[25/Jun/2025 17:47:59] "GET /api/placeholder/1600/800 HTTP/1.1" 404 179
[25/Jun/2025 17:48:01] "GET / HTTP/1.1" 200 22746
[25/Jun/2025 17:48:02] "GET /api/placeholder/1600/600 HTTP/1.1" 404 179
[25/Jun/2025 17:48:02] "GET /api/placeholder/1600/800 HTTP/1.1" 404 179
[25/Jun/2025 17:49:59] "GET / HTTP/1.1" 200 22746
[25/Jun/2025 17:50:00] "GET /api/placeholder/1600/600 HTTP/1.1" 404 179
[25/Jun/2025 17:50:00] "GET /api/placeholder/1600/800 HTTP/1.1" 404 179
Performing system checks...

June 25, 2025 - 15:48:57
Django version 5.2.1, using settings 'bload_donor.settings'
Starting development server at http://0.0.0.0:5002/
Quit the server with CONTROL-C.

WARNING: This is a development server. Do not use it in a production setting. Use a production WSGI or ASGI server instead.
For more information on production servers see: https://docs.djangoproject.com/en/5.2/howto/deployment/
Watching for file changes with StatReloader
System check identified some issues:

WARNINGS:
?: (staticfiles.W004) The directory '/home/ubuntu/tm/BLOODLINK/bload_donor/static' in the STATICFILES_DIRS setting does not exist.

System check identified 1 issue (0 silenced).
/home/ubuntu/tm/BLOODLINK/bload_donor/bload_donor/settings.py changed, reloading.
Performing system checks...

June 25, 2025 - 17:51:26
Django version 5.2.1, using settings 'bload_donor.settings'
Starting development server at http://0.0.0.0:5002/
Quit the server with CONTROL-C.

WARNING: This is a development server. Do not use it in a production setting. Use a production WSGI or ASGI server instead.
For more information on production servers see: https://docs.djangoproject.com/en/5.2/howto/deployment/
Watching for file changes with StatReloader
System check identified some issues:

WARNINGS:
?: (staticfiles.W004) The directory '/home/ubuntu/tm/BLOODLINK/bload_donor/static' in the STATICFILES_DIRS setting does not exist.

System check identified 1 issue (0 silenced).
[25/Jun/2025 17:51:42] "GET / HTTP/1.1" 200 22746
Not Found: /api/placeholder/1600/800
Not Found: /api/placeholder/1600/600
[25/Jun/2025 17:51:44] "GET /api/placeholder/1600/800 HTTP/1.1" 404 11392
[25/Jun/2025 17:51:44] "GET /api/placeholder/1600/600 HTTP/1.1" 404 11392
[25/Jun/2025 17:51:53] "GET /role/ HTTP/1.1" 200 4930
[25/Jun/2025 17:51:56] "GET /donor_login/ HTTP/1.1" 200 7825
[25/Jun/2025 17:52:10] "GET /register_donor/ HTTP/1.1" 200 14026
[25/Jun/2025 17:52:27] "GET / HTTP/1.1" 200 22746
Not Found: /api/placeholder/1600/600
[25/Jun/2025 17:52:28] "GET /api/placeholder/1600/600 HTTP/1.1" 404 11392
Not Found: /api/placeholder/1600/800
[25/Jun/2025 17:52:28] "GET /api/placeholder/1600/800 HTTP/1.1" 404 11392
[25/Jun/2025 17:52:31] "GET /role/ HTTP/1.1" 200 4930
[25/Jun/2025 17:52:38] "GET /donor_login/ HTTP/1.1" 200 7825
[25/Jun/2025 17:52:59] "GET / HTTP/1.1" 200 22746
[25/Jun/2025 17:53:02] "POST /register_donor/ HTTP/1.1" 302 0
[25/Jun/2025 17:53:02] "GET /credential/ HTTP/1.1" 200 8113
[25/Jun/2025 17:53:40] "POST /credential/ HTTP/1.1" 302 0
[25/Jun/2025 17:53:41] "GET /complete/ HTTP/1.1" 200 6522
[25/Jun/2025 17:53:47] "GET /donor_login/ HTTP/1.1" 200 7825
[25/Jun/2025 17:53:54] "GET / HTTP/1.1" 200 22748
Not Found: /api/placeholder/1600/800
[25/Jun/2025 17:53:54] "GET /api/placeholder/1600/800 HTTP/1.1" 404 11392
Not Found: /api/placeholder/1600/600
[25/Jun/2025 17:53:54] "GET /api/placeholder/1600/600 HTTP/1.1" 404 11392
[25/Jun/2025 17:53:58] "GET / HTTP/1.1" 200 22748
[25/Jun/2025 17:54:03] "GET /role/ HTTP/1.1" 200 4930
[25/Jun/2025 17:54:10] "GET /donor_login/ HTTP/1.1" 200 7825
[25/Jun/2025 17:54:36] "GET / HTTP/1.1" 200 22748
[25/Jun/2025 17:54:55] "GET /role/ HTTP/1.1" 200 4930
[25/Jun/2025 17:54:57] "GET /role/ HTTP/1.1" 200 4930
[25/Jun/2025 17:54:58] "GET /donor_login/ HTTP/1.1" 200 7825
[25/Jun/2025 17:55:16] "POST /donor_login/ HTTP/1.1" 200 8258
[25/Jun/2025 17:55:20] "GET /register_donor/ HTTP/1.1" 200 14026
[25/Jun/2025 17:55:30] "GET /collector_login/ HTTP/1.1" 200 6579
[25/Jun/2025 17:55:31] "GET /register_donor/ HTTP/1.1" 200 14026
Not Found: /favicon.ico
[25/Jun/2025 17:55:33] "GET /favicon.ico HTTP/1.1" 404 11353
[25/Jun/2025 17:55:38] "GET /register_collector/ HTTP/1.1" 200 26670
[25/Jun/2025 17:56:30] "POST /register_collector/ HTTP/1.1" 302 0
[25/Jun/2025 17:56:30] "GET /collector_login/ HTTP/1.1" 200 6579
[25/Jun/2025 17:56:53] "GET /admin HTTP/1.1" 301 0
[25/Jun/2025 17:56:53] "GET /admin/ HTTP/1.1" 302 0
[25/Jun/2025 17:56:54] "GET /admin/login/?next=/admin/ HTTP/1.1" 200 4183
[25/Jun/2025 17:57:03] "POST /admin/login/?next=/admin/ HTTP/1.1" 200 4355
[25/Jun/2025 17:57:19] "POST /admin/login/?next=/admin/ HTTP/1.1" 200 4355
[25/Jun/2025 17:57:36] "POST /admin/login/?next=/admin/ HTTP/1.1" 200 4355
[25/Jun/2025 18:00:30] "GET / HTTP/1.1" 200 22748
Not Found: /api/placeholder/1600/800
[25/Jun/2025 18:00:31] "GET /api/placeholder/1600/800 HTTP/1.1" 404 11392
Not Found: /api/placeholder/1600/600
[25/Jun/2025 18:00:31] "GET /api/placeholder/1600/600 HTTP/1.1" 404 11392
Not Found: /favicon.ico
[25/Jun/2025 18:00:32] "GET /favicon.ico HTTP/1.1" 404 11353
[25/Jun/2025 18:00:52] "GET /admin/ HTTP/1.1" 302 0
[25/Jun/2025 18:00:52] "GET /admin/login/?next=/admin/ HTTP/1.1" 200 4183
[25/Jun/2025 18:01:07] "POST /admin/login/?next=/admin/ HTTP/1.1" 302 0
[25/Jun/2025 18:01:07] "GET /admin/ HTTP/1.1" 200 12111
[25/Jun/2025 18:01:16] "GET /admin/bload_donor_app/collector/ HTTP/1.1" 200 15613
[25/Jun/2025 18:01:17] "GET /admin/jsi18n/ HTTP/1.1" 200 3342
[25/Jun/2025 18:01:26] "GET /admin/bload_donor_app/collector/4/change/ HTTP/1.1" 200 24683
[25/Jun/2025 18:01:26] "GET /admin/bload_donor_app/collector/4/change/ HTTP/1.1" 200 24683
[25/Jun/2025 18:01:27] "GET /admin/jsi18n/ HTTP/1.1" 200 3342
[25/Jun/2025 18:01:37] "POST /admin/bload_donor_app/collector/4/change/ HTTP/1.1" 302 0
[25/Jun/2025 18:01:37] "GET /admin/bload_donor_app/collector/ HTTP/1.1" 200 15829
[25/Jun/2025 18:01:37] "GET /admin/jsi18n/ HTTP/1.1" 200 3342
/home/ubuntu/tm/BLOODLINK/bload_donor/bload_donor/settings.py changed, reloading.
Performing system checks...

June 25, 2025 - 17:51:30
Django version 5.2.1, using settings 'bload_donor.settings'
Starting development server at http://0.0.0.0:5002/
Quit the server with CONTROL-C.

WARNING: This is a development server. Do not use it in a production setting. Use a production WSGI or ASGI server instead.
For more information on production servers see: https://docs.djangoproject.com/en/5.2/howto/deployment/
Watching for file changes with StatReloader
System check identified some issues:

WARNINGS:
?: (staticfiles.W004) The directory '/home/ubuntu/tm/BLOODLINK/bload_donor/static' in the STATICFILES_DIRS setting does not exist.

System check identified 1 issue (0 silenced).
/home/ubuntu/tm/BLOODLINK/bload_donor/bload_donor/settings.py changed, reloading.
Performing system checks...

June 25, 2025 - 18:04:07
Django version 5.2.1, using settings 'bload_donor.settings'
Starting development server at http://0.0.0.0:5002/
Quit the server with CONTROL-C.

WARNING: This is a development server. Do not use it in a production setting. Use a production WSGI or ASGI server instead.
For more information on production servers see: https://docs.djangoproject.com/en/5.2/howto/deployment/
Watching for file changes with StatReloader
System check identified some issues:

WARNINGS:
?: (staticfiles.W004) The directory '/home/ubuntu/tm/BLOODLINK/bload_donor/static' in the STATICFILES_DIRS setting does not exist.

System check identified 1 issue (0 silenced).
/home/ubuntu/tm/BLOODLINK/bload_donor/bload_donor_app/views.py changed, reloading.
Performing system checks...

June 25, 2025 - 18:05:27
Django version 5.2.1, using settings 'bload_donor.settings'
Starting development server at http://0.0.0.0:5002/
Quit the server with CONTROL-C.

WARNING: This is a development server. Do not use it in a production setting. Use a production WSGI or ASGI server instead.
For more information on production servers see: https://docs.djangoproject.com/en/5.2/howto/deployment/
Watching for file changes with StatReloader
System check identified some issues:

WARNINGS:
?: (staticfiles.W004) The directory '/home/ubuntu/tm/BLOODLINK/bload_donor/static' in the STATICFILES_DIRS setting does not exist.

System check identified 1 issue (0 silenced).
/home/ubuntu/tm/BLOODLINK/bload_donor/bload_donor/settings.py changed, reloading.
Performing system checks...

June 25, 2025 - 18:05:39
Django version 5.2.1, using settings 'bload_donor.settings'
Starting development server at http://0.0.0.0:5002/
Quit the server with CONTROL-C.

WARNING: This is a development server. Do not use it in a production setting. Use a production WSGI or ASGI server instead.
For more information on production servers see: https://docs.djangoproject.com/en/5.2/howto/deployment/
Watching for file changes with StatReloader
System check identified some issues:

WARNINGS:
?: (staticfiles.W004) The directory '/home/ubuntu/tm/BLOODLINK/bload_donor/static' in the STATICFILES_DIRS setting does not exist.

System check identified 1 issue (0 silenced).
/home/ubuntu/tm/BLOODLINK/bload_donor/bload_donor/settings.py changed, reloading.
Performing system checks...

June 25, 2025 - 18:06:27
Django version 5.2.1, using settings 'bload_donor.settings'
Starting development server at http://0.0.0.0:5002/
Quit the server with CONTROL-C.

WARNING: This is a development server. Do not use it in a production setting. Use a production WSGI or ASGI server instead.
For more information on production servers see: https://docs.djangoproject.com/en/5.2/howto/deployment/
Watching for file changes with StatReloader
System check identified some issues:

WARNINGS:
?: (staticfiles.W004) The directory '/home/ubuntu/tm/BLOODLINK/bload_donor/static' in the STATICFILES_DIRS setting does not exist.

System check identified 1 issue (0 silenced).
[25/Jun/2025 18:07:32] "GET /admin/bload_donor_app/collector/ HTTP/1.1" 200 15613
[25/Jun/2025 18:07:32] "GET /admin/jsi18n/ HTTP/1.1" 200 3342
[25/Jun/2025 18:07:44] "GET / HTTP/1.1" 200 22748
Not Found: /api/placeholder/1600/800
[25/Jun/2025 18:07:45] "GET /api/placeholder/1600/800 HTTP/1.1" 404 11392
Not Found: /api/placeholder/1600/600
[25/Jun/2025 18:07:45] "GET /api/placeholder/1600/600 HTTP/1.1" 404 11392
[25/Jun/2025 18:07:47] "GET /admin/bload_donor_app/donationdrive/ HTTP/1.1" 200 16197
[25/Jun/2025 18:07:47] "GET /admin/jsi18n/ HTTP/1.1" 200 3342
[25/Jun/2025 18:07:57] "GET / HTTP/1.1" 200 22748
Not Found: /api/placeholder/1600/600
[25/Jun/2025 18:07:57] "GET /api/placeholder/1600/600 HTTP/1.1" 404 11392
Not Found: /api/placeholder/1600/800
[25/Jun/2025 18:07:57] "GET /api/placeholder/1600/800 HTTP/1.1" 404 11392
[25/Jun/2025 18:08:00] "GET /role/ HTTP/1.1" 200 4930
[25/Jun/2025 18:08:09] "GET /role/ HTTP/1.1" 200 4930
[25/Jun/2025 18:08:11] "GET /role/ HTTP/1.1" 200 4930
[25/Jun/2025 18:08:31] "GET /admin/bload_donor_app/collector/ HTTP/1.1" 200 15613
[25/Jun/2025 18:08:31] "GET /admin/jsi18n/ HTTP/1.1" 200 3342
[25/Jun/2025 18:08:34] "GET /admin/ HTTP/1.1" 302 0
[25/Jun/2025 18:08:34] "GET /admin/bload_donor_app/collector/4/change/ HTTP/1.1" 200 24691
[25/Jun/2025 18:08:34] "GET /admin/login/?next=/admin/ HTTP/1.1" 200 4183
[25/Jun/2025 18:08:34] "GET /admin/bload_donor_app/collector/4/change/ HTTP/1.1" 200 24691
[25/Jun/2025 18:08:35] "GET /admin/jsi18n/ HTTP/1.1" 200 3342
[25/Jun/2025 18:08:45] "GET /admin/bload_donor_app/donationdrive/ HTTP/1.1" 200 16197
[25/Jun/2025 18:08:46] "GET /admin/jsi18n/ HTTP/1.1" 200 3342
[25/Jun/2025 18:08:49] "GET /admin/bload_donor_app/collector/ HTTP/1.1" 200 15613
[25/Jun/2025 18:08:49] "GET /admin/jsi18n/ HTTP/1.1" 200 3342
[25/Jun/2025 18:08:52] "GET /admin/bload_donor_app/collector/4/change/ HTTP/1.1" 200 24691
[25/Jun/2025 18:08:52] "GET /admin/bload_donor_app/collector/4/change/ HTTP/1.1" 200 24691
[25/Jun/2025 18:08:53] "GET /admin/jsi18n/ HTTP/1.1" 200 3342
[25/Jun/2025 18:08:53] "POST /admin/login/?next=/admin/ HTTP/1.1" 302 0
[25/Jun/2025 18:08:53] "GET /admin/ HTTP/1.1" 200 12509
[25/Jun/2025 18:08:58] "GET /admin/bload_donor_app/collector/4/change/ HTTP/1.1" 200 24691
[25/Jun/2025 18:08:58] "GET /admin/jsi18n/ HTTP/1.1" 200 3342
[25/Jun/2025 18:09:03] "POST /admin/bload_donor_app/collector/4/change/ HTTP/1.1" 302 0
[25/Jun/2025 18:09:03] "GET /admin/bload_donor_app/collector/ HTTP/1.1" 200 15829
[25/Jun/2025 18:09:03] "GET /admin/jsi18n/ HTTP/1.1" 200 3342
[25/Jun/2025 18:09:28] "GET /admin/bload_donor_app/collector/4/change/ HTTP/1.1" 200 24691
[25/Jun/2025 18:09:28] "GET /admin/bload_donor_app/collector/4/change/ HTTP/1.1" 200 24691
[25/Jun/2025 18:09:28] "GET /admin/jsi18n/ HTTP/1.1" 200 3342
[25/Jun/2025 18:09:38] "POST /admin/bload_donor_app/collector/4/change/ HTTP/1.1" 302 0
[25/Jun/2025 18:09:39] "GET /admin/bload_donor_app/collector/ HTTP/1.1" 200 15829
[25/Jun/2025 18:09:39] "GET /admin/jsi18n/ HTTP/1.1" 200 3342
[25/Jun/2025 18:09:54] "GET /admin/bload_donor_app/collector/4/change/ HTTP/1.1" 200 24691
[25/Jun/2025 18:09:55] "GET /admin/bload_donor_app/collector/4/change/ HTTP/1.1" 200 24691
[25/Jun/2025 18:09:55] "GET /admin/jsi18n/ HTTP/1.1" 200 3342
[25/Jun/2025 18:10:01] "GET /admin/bload_donor_app/collector/4/delete/ HTTP/1.1" 200 11789
[25/Jun/2025 18:10:06] "POST /admin/bload_donor_app/collector/4/delete/ HTTP/1.1" 302 0
[25/Jun/2025 18:10:07] "GET /admin/bload_donor_app/collector/ HTTP/1.1" 200 15306
[25/Jun/2025 18:10:07] "GET /admin/jsi18n/ HTTP/1.1" 200 3342
/home/ubuntu/tm/BLOODLINK/bload_donor/bload_donor/settings.py changed, reloading.
Performing system checks...

June 25, 2025 - 18:06:50
Django version 5.2.1, using settings 'bload_donor.settings'
Starting development server at http://0.0.0.0:5002/
Quit the server with CONTROL-C.

WARNING: This is a development server. Do not use it in a production setting. Use a production WSGI or ASGI server instead.
For more information on production servers see: https://docs.djangoproject.com/en/5.2/howto/deployment/
Watching for file changes with StatReloader
System check identified some issues:

WARNINGS:
?: (staticfiles.W004) The directory '/home/ubuntu/tm/BLOODLINK/bload_donor/static' in the STATICFILES_DIRS setting does not exist.

System check identified 1 issue (0 silenced).
[25/Jun/2025 18:10:48] "GET / HTTP/1.1" 200 22748
Not Found: /api/placeholder/1600/800
[25/Jun/2025 18:10:49] "GET /api/placeholder/1600/800 HTTP/1.1" 404 11392
Not Found: /api/placeholder/1600/600
[25/Jun/2025 18:10:49] "GET /api/placeholder/1600/600 HTTP/1.1" 404 11392
[25/Jun/2025 18:10:51] "GET /role/ HTTP/1.1" 200 4930
[25/Jun/2025 18:10:54] "GET /donor_login/ HTTP/1.1" 200 7825
[25/Jun/2025 18:10:57] "GET /register_donor/ HTTP/1.1" 200 14026
Internal Server Error: /register_donor/
Traceback (most recent call last):
  File "/home/ubuntu/tm/BLOODLINK/tm/lib/python3.12/site-packages/django/db/backends/utils.py", line 105, in _execute
    return self.cursor.execute(sql, params)
           ^^^^^^^^^^^^^^^^^^^^^^^^^^^^^^^^
  File "/home/ubuntu/tm/BLOODLINK/tm/lib/python3.12/site-packages/django/db/backends/mysql/base.py", line 76, in execute
    return self.cursor.execute(query, args)
           ^^^^^^^^^^^^^^^^^^^^^^^^^^^^^^^^
  File "/home/ubuntu/tm/BLOODLINK/tm/lib/python3.12/site-packages/MySQLdb/cursors.py", line 179, in execute
    res = self._query(mogrified_query)
          ^^^^^^^^^^^^^^^^^^^^^^^^^^^^
  File "/home/ubuntu/tm/BLOODLINK/tm/lib/python3.12/site-packages/MySQLdb/cursors.py", line 330, in _query
    db.query(q)
  File "/home/ubuntu/tm/BLOODLINK/tm/lib/python3.12/site-packages/MySQLdb/connections.py", line 280, in query
    _mysql.connection.query(self, query)
MySQLdb.IntegrityError: (1062, "Duplicate entry 'tmmethode1@gmail.com' for key 'bload_donor_app_donor.email'")

The above exception was the direct cause of the following exception:

Traceback (most recent call last):
  File "/home/ubuntu/tm/BLOODLINK/tm/lib/python3.12/site-packages/django/core/handlers/exception.py", line 55, in inner
    response = get_response(request)
               ^^^^^^^^^^^^^^^^^^^^^
  File "/home/ubuntu/tm/BLOODLINK/tm/lib/python3.12/site-packages/django/core/handlers/base.py", line 197, in _get_response
    response = wrapped_callback(request, *callback_args, **callback_kwargs)
               ^^^^^^^^^^^^^^^^^^^^^^^^^^^^^^^^^^^^^^^^^^^^^^^^^^^^^^^^^^^^
  File "/home/ubuntu/tm/BLOODLINK/tm/lib/python3.12/site-packages/django/views/decorators/csrf.py", line 65, in _view_wrapper
    return view_func(request, *args, **kwargs)
           ^^^^^^^^^^^^^^^^^^^^^^^^^^^^^^^^^^^
  File "/home/ubuntu/tm/BLOODLINK/bload_donor/bload_donor_app/views.py", line 193, in register_donor
    donor = Donor.objects.create(
            ^^^^^^^^^^^^^^^^^^^^^
  File "/home/ubuntu/tm/BLOODLINK/tm/lib/python3.12/site-packages/django/db/models/manager.py", line 87, in manager_method
    return getattr(self.get_queryset(), name)(*args, **kwargs)
           ^^^^^^^^^^^^^^^^^^^^^^^^^^^^^^^^^^^^^^^^^^^^^^^^^^^
  File "/home/ubuntu/tm/BLOODLINK/tm/lib/python3.12/site-packages/django/db/models/query.py", line 663, in create
    obj.save(force_insert=True, using=self.db)
  File "/home/ubuntu/tm/BLOODLINK/tm/lib/python3.12/site-packages/django/db/models/base.py", line 902, in save
    self.save_base(
  File "/home/ubuntu/tm/BLOODLINK/tm/lib/python3.12/site-packages/django/db/models/base.py", line 1008, in save_base
    updated = self._save_table(
              ^^^^^^^^^^^^^^^^^
  File "/home/ubuntu/tm/BLOODLINK/tm/lib/python3.12/site-packages/django/db/models/base.py", line 1169, in _save_table
    results = self._do_insert(
              ^^^^^^^^^^^^^^^^
  File "/home/ubuntu/tm/BLOODLINK/tm/lib/python3.12/site-packages/django/db/models/base.py", line 1210, in _do_insert
    return manager._insert(
           ^^^^^^^^^^^^^^^^
  File "/home/ubuntu/tm/BLOODLINK/tm/lib/python3.12/site-packages/django/db/models/manager.py", line 87, in manager_method
    return getattr(self.get_queryset(), name)(*args, **kwargs)
           ^^^^^^^^^^^^^^^^^^^^^^^^^^^^^^^^^^^^^^^^^^^^^^^^^^^
  File "/home/ubuntu/tm/BLOODLINK/tm/lib/python3.12/site-packages/django/db/models/query.py", line 1864, in _insert
    return query.get_compiler(using=using).execute_sql(returning_fields)
           ^^^^^^^^^^^^^^^^^^^^^^^^^^^^^^^^^^^^^^^^^^^^^^^^^^^^^^^^^^^^^
  File "/home/ubuntu/tm/BLOODLINK/tm/lib/python3.12/site-packages/django/db/models/sql/compiler.py", line 1882, in execute_sql
    cursor.execute(sql, params)
  File "/home/ubuntu/tm/BLOODLINK/tm/lib/python3.12/site-packages/django/db/backends/utils.py", line 122, in execute
    return super().execute(sql, params)
           ^^^^^^^^^^^^^^^^^^^^^^^^^^^^
  File "/home/ubuntu/tm/BLOODLINK/tm/lib/python3.12/site-packages/django/db/backends/utils.py", line 79, in execute
    return self._execute_with_wrappers(
           ^^^^^^^^^^^^^^^^^^^^^^^^^^^^
  File "/home/ubuntu/tm/BLOODLINK/tm/lib/python3.12/site-packages/django/db/backends/utils.py", line 92, in _execute_with_wrappers
    return executor(sql, params, many, context)
           ^^^^^^^^^^^^^^^^^^^^^^^^^^^^^^^^^^^^
  File "/home/ubuntu/tm/BLOODLINK/tm/lib/python3.12/site-packages/django/db/backends/utils.py", line 100, in _execute
    with self.db.wrap_database_errors:
  File "/home/ubuntu/tm/BLOODLINK/tm/lib/python3.12/site-packages/django/db/utils.py", line 91, in __exit__
    raise dj_exc_value.with_traceback(traceback) from exc_value
  File "/home/ubuntu/tm/BLOODLINK/tm/lib/python3.12/site-packages/django/db/backends/utils.py", line 105, in _execute
    return self.cursor.execute(sql, params)
           ^^^^^^^^^^^^^^^^^^^^^^^^^^^^^^^^
  File "/home/ubuntu/tm/BLOODLINK/tm/lib/python3.12/site-packages/django/db/backends/mysql/base.py", line 76, in execute
    return self.cursor.execute(query, args)
           ^^^^^^^^^^^^^^^^^^^^^^^^^^^^^^^^
  File "/home/ubuntu/tm/BLOODLINK/tm/lib/python3.12/site-packages/MySQLdb/cursors.py", line 179, in execute
    res = self._query(mogrified_query)
          ^^^^^^^^^^^^^^^^^^^^^^^^^^^^
  File "/home/ubuntu/tm/BLOODLINK/tm/lib/python3.12/site-packages/MySQLdb/cursors.py", line 330, in _query
    db.query(q)
  File "/home/ubuntu/tm/BLOODLINK/tm/lib/python3.12/site-packages/MySQLdb/connections.py", line 280, in query
    _mysql.connection.query(self, query)
django.db.utils.IntegrityError: (1062, "Duplicate entry 'tmmethode1@gmail.com' for key 'bload_donor_app_donor.email'")
[25/Jun/2025 18:11:30] "POST /register_donor/ HTTP/1.1" 500 206597
Forbidden (CSRF cookie not set.): /
[25/Jun/2025 18:11:46] "PROPFIND / HTTP/1.1" 403 2855
[25/Jun/2025 18:11:46] "GET /register_donor/ HTTP/1.1" 200 14026
[25/Jun/2025 18:12:00] "POST /register_donor/ HTTP/1.1" 302 0
[25/Jun/2025 18:12:00] "GET /credential/ HTTP/1.1" 200 8113
[25/Jun/2025 18:13:25] "POST /credential/ HTTP/1.1" 302 0
[25/Jun/2025 18:13:25] "GET /complete/ HTTP/1.1" 200 6523
[25/Jun/2025 18:14:26] "GET /admin/bload_donor_app/collector/ HTTP/1.1" 200 15147
[25/Jun/2025 18:14:26] "GET /admin/jsi18n/ HTTP/1.1" 200 3342
[25/Jun/2025 18:14:33] "GET /admin/bload_donor_app/collector/ HTTP/1.1" 200 15147
[25/Jun/2025 18:14:33] "GET /admin/jsi18n/ HTTP/1.1" 200 3342
[25/Jun/2025 18:14:44] "GET /admin/auth/user/ HTTP/1.1" 200 16171
[25/Jun/2025 18:14:44] "GET /admin/jsi18n/ HTTP/1.1" 200 3342
[25/Jun/2025 18:14:55] "GET /admin/bload_donor_app/collector/ HTTP/1.1" 200 15147
[25/Jun/2025 18:14:55] "GET /admin/jsi18n/ HTTP/1.1" 200 3342
[25/Jun/2025 18:15:28] "GET /admin/ HTTP/1.1" 302 0
[25/Jun/2025 18:15:28] "GET /admin/login/?next=/admin/ HTTP/1.1" 200 4183
[25/Jun/2025 18:15:55] "POST /admin/login/?next=/admin/ HTTP/1.1" 302 0
[25/Jun/2025 18:15:55] "GET /admin/ HTTP/1.1" 200 13547
[25/Jun/2025 18:15:59] "GET /admin/bload_donor_app/collector/ HTTP/1.1" 200 15147
[25/Jun/2025 18:15:59] "GET /admin/bload_donor_app/collector/ HTTP/1.1" 200 15147
[25/Jun/2025 18:16:00] "GET /admin/jsi18n/ HTTP/1.1" 200 3342
[25/Jun/2025 18:16:18] "GET /admin/bload_donor_app/donor/ HTTP/1.1" 200 18412
[25/Jun/2025 18:16:18] "GET /admin/jsi18n/ HTTP/1.1" 200 3342
[25/Jun/2025 18:16:42] "GET /donor_login/ HTTP/1.1" 200 7825
[25/Jun/2025 18:16:46] "POST /donor_login/ HTTP/1.1" 200 8248
[25/Jun/2025 18:16:56] "GET / HTTP/1.1" 200 22748
Not Found: /api/placeholder/1600/600
[25/Jun/2025 18:16:57] "GET /api/placeholder/1600/600 HTTP/1.1" 404 11392
Not Found: /api/placeholder/1600/800
[25/Jun/2025 18:16:57] "GET /api/placeholder/1600/800 HTTP/1.1" 404 11392
[25/Jun/2025 18:17:02] "GET /role/ HTTP/1.1" 200 4930
[25/Jun/2025 18:17:05] "GET /collector_login/ HTTP/1.1" 200 6579
[25/Jun/2025 18:17:48] "POST /donor_login/ HTTP/1.1" 302 0
[25/Jun/2025 18:17:48] "GET /donor/ HTTP/1.1" 200 27476
Not Found: /api/placeholder/70/70
[25/Jun/2025 18:17:48] "GET /api/placeholder/70/70 HTTP/1.1" 404 11383
Not Found: /api/placeholder/70/70
[25/Jun/2025 18:17:49] "GET /api/placeholder/70/70 HTTP/1.1" 404 11383
Not Found: /api/placeholder/1200/600
[25/Jun/2025 18:17:49] "GET /api/placeholder/1200/600 HTTP/1.1" 404 11392
[25/Jun/2025 18:18:53] "GET /admin/bload_donor_app/donor/14/change/ HTTP/1.1" 200 23795
[25/Jun/2025 18:18:53] "GET /admin/jsi18n/ HTTP/1.1" 200 3342
[25/Jun/2025 18:19:16] "GET /admin/bload_donor_app/donor/ HTTP/1.1" 200 18412
[25/Jun/2025 18:21:30] "GET /admin/ HTTP/1.1" 200 13547
[25/Jun/2025 18:21:42] "GET /admin HTTP/1.1" 301 0
[25/Jun/2025 18:21:42] "GET /admin/ HTTP/1.1" 200 13547
[25/Jun/2025 18:21:44] "GET / HTTP/1.1" 200 22748
Not Found: /api/placeholder/1600/800
[25/Jun/2025 18:21:44] "GET /api/placeholder/1600/800 HTTP/1.1" 404 11392
Not Found: /api/placeholder/1600/600
[25/Jun/2025 18:21:44] "GET /api/placeholder/1600/600 HTTP/1.1" 404 11392
[25/Jun/2025 18:21:50] "GET /role/ HTTP/1.1" 200 4930
[25/Jun/2025 18:21:51] "GET / HTTP/1.1" 200 22748
[25/Jun/2025 18:21:54] "GET /donor_login/ HTTP/1.1" 200 7825
[25/Jun/2025 18:22:18] "POST /donor_login/ HTTP/1.1" 302 0
[25/Jun/2025 18:22:19] "GET /donor/ HTTP/1.1" 200 27476
Not Found: /api/placeholder/70/70
[25/Jun/2025 18:22:19] "GET /api/placeholder/70/70 HTTP/1.1" 404 11383
Not Found: /api/placeholder/1200/600
[25/Jun/2025 18:22:20] "GET /api/placeholder/1200/600 HTTP/1.1" 404 11392
[25/Jun/2025 18:22:31] "GET /get-drives?lat=-1.9607481&lon=30.0634827 HTTP/1.1" 301 0
[25/Jun/2025 18:22:31] "GET /get-drives/?lat=-1.9607481&lon=30.0634827 HTTP/1.1" 200 167
[25/Jun/2025 18:23:16] "POST /schedule_appointment/ HTTP/1.1" 302 0
[25/Jun/2025 18:23:16] "GET / HTTP/1.1" 200 22968
[25/Jun/2025 18:23:51] "GET / HTTP/1.1" 200 22748
Not Found: /api/placeholder/1600/800
[25/Jun/2025 18:23:52] "GET /api/placeholder/1600/800 HTTP/1.1" 404 11392
Not Found: /api/placeholder/1600/600
[25/Jun/2025 18:23:52] "GET /api/placeholder/1600/600 HTTP/1.1" 404 11392
[25/Jun/2025 18:23:54] "GET /role/ HTTP/1.1" 200 4930
[25/Jun/2025 18:23:56] "GET /donor_login/ HTTP/1.1" 200 7825
[25/Jun/2025 18:24:55] "GET /role/ HTTP/1.1" 200 4930
[25/Jun/2025 18:24:59] "GET /collector_login/ HTTP/1.1" 200 6579
[25/Jun/2025 18:25:17] "GET /register_collector/ HTTP/1.1" 200 26670
